<?xml version="1.0" encoding="UTF-8"?>
<!-- Generated by org.testng.reporters.JUnitXMLReporter -->
<testsuite hostname="LAPTOP-ES9GKDT3" ignored="0" name="KeyPressesTests" tests="2" failures="0" timestamp="10 Mar 2022 03:09:41 GMT" time="6.591" errors="0">
  <testcase name="pressKeyTest" time="0.75" classname="com.theherokuapp.theinternet.keypressestests.KeyPressesTests"/>
  <testcase name="pressKeyWithActionsTest" time="0.653" classname="com.theherokuapp.theinternet.keypressestests.KeyPressesTests"/>
</testsuite> <!-- KeyPressesTests -->
