<?xml version="1.0" encoding="UTF-8"?>
<!-- Generated by org.testng.reporters.JUnitXMLReporter -->
<testsuite hostname="LAPTOP-ES9GKDT3" ignored="0" name="AlertsTests" tests="3" failures="0" timestamp="22 Mar 2022 21:06:16 GMT" time="8.867" errors="0">
  <testcase name="jsAlertTest" time="1.595" classname="com.herokuapp.theinternet.Alertstests.AlertsTests"/>
  <testcase name="jsConfirmTest" time="0.731" classname="com.herokuapp.theinternet.Alertstests.AlertsTests"/>
  <testcase name="jsPromptTest" time="0.905" classname="com.herokuapp.theinternet.Alertstests.AlertsTests"/>
</testsuite> <!-- AlertsTests -->
