<?xml version="1.0" encoding="UTF-8"?>
<!-- Generated by org.testng.reporters.JUnitXMLReporter -->
<testsuite hostname="LAPTOP-ES9GKDT3" ignored="0" name="UploadTests" tests="3" failures="0" timestamp="16 Mar 2022 00:46:41 GMT" time="9.521" errors="0">
  <testcase name="fileUploadTest" time="0.946" classname="com.herokuapp.theinternet.uploadtests.UploadTests"/>
  <testcase name="fileUploadTest" time="1.014" classname="com.herokuapp.theinternet.uploadtests.UploadTests"/>
  <testcase name="fileUploadTest" time="0.878" classname="com.herokuapp.theinternet.uploadtests.UploadTests"/>
</testsuite> <!-- UploadTests -->
