<?xml version="1.0" encoding="UTF-8"?>
<!-- Generated by org.testng.reporters.JUnitXMLReporter -->
<testsuite hostname="LAPTOP-ES9GKDT3" ignored="0" name="NegativeLogInTests-CH" tests="5" failures="0" timestamp="16 Mar 2022 22:13:11 GMT" time="16.144" errors="0">
  <testcase name="negativeLogInTest" time="1.247" classname="com.herokuapp.theinternet.LogInTest.NegativeLogInTests"/>
  <testcase name="negativeLogInTest" time="1.148" classname="com.herokuapp.theinternet.LogInTest.NegativeLogInTests"/>
  <testcase name="negativeLogInTest" time="1.197" classname="com.herokuapp.theinternet.LogInTest.NegativeLogInTests"/>
  <testcase name="negativeLogInTest" time="1.063" classname="com.herokuapp.theinternet.LogInTest.NegativeLogInTests"/>
  <testcase name="negativeLogInTest" time="1.201" classname="com.herokuapp.theinternet.LogInTest.NegativeLogInTests"/>
</testsuite> <!-- NegativeLogInTests-CH -->
